This is pdfTeX, Version 3.141592653-2.6-1.40.25 (TeX Live 2023/Debian) (preloaded format=pdflatex 2026.1.20)  13 FEB 2026 09:24
entering extended mode
 restricted \write18 enabled.
 %&-line parsing enabled.
**bethesis
(./bethesis.tex
LaTeX2e <2023-11-01> patch level 1
L3 programming layer <2024-01-22>
(/usr/share/texlive/texmf-dist/tex/latex/memoir/memoir.cls
Document Class: memoir 2024/01/26 v3.8.2 configurable book, report, article doc
ument class
(/usr/share/texlive/texmf-dist/tex/latex/xpatch/xpatch.sty
(/usr/share/texlive/texmf-dist/tex/latex/l3kernel/expl3.sty
Package: expl3 2024-01-22 L3 programming layer (loader) 

(/usr/share/texlive/texmf-dist/tex/latex/l3backend/l3backend-pdftex.def
File: l3backend-pdftex.def 2024-01-04 L3 backend support: PDF output (pdfTeX)
\l__color_backend_stack_int=\count187
\l__pdf_internal_box=\box51
))
Package: xpatch 2020/03/25 v0.3a Extending etoolbox patching commands

(/usr/share/texlive/texmf-dist/tex/latex/l3packages/xparse/xparse.sty
Package: xparse 2023-10-10 L3 Experimental document command parser
)
(/usr/share/texlive/texmf-dist/tex/latex/etoolbox/etoolbox.sty
Package: etoolbox 2020/10/05 v2.5k e-TeX tools for LaTeX (JAW)
\etb@tempcnta=\count188
))
\onelineskip=\skip48
\lxvchars=\skip49
\xlvchars=\skip50
\@memcnta=\count189
\c@@memmarkcntra=\count190

(/usr/share/texlive/texmf-dist/tex/generic/iftex/iftex.sty
Package: iftex 2022/02/03 v1.0f TeX engine tests
)
\trimtop=\skip51
\trimedge=\skip52

(/usr/share/texlive/texmf-dist/tex/latex/memoir/mem14.clo
File: mem14.clo 2022/07/29 v0.5 memoir class 14pt size option
)
\binding=\skip53
\spinemargin=\skip54
\foremargin=\skip55
\uppermargin=\skip56
\lowermargin=\skip57
\headdrop=\skip58
\normalrulethickness=\skip59
\mem@maxheadheight=\skip60
\mem@maxfootheight=\skip61
\headwidth=\skip62
\c@storedpagenumber=\count191
\memPD=\dimen140
\m@mabparskip=\skip63
\thanksmarkwidth=\skip64
\thanksmarksep=\skip65
\droptitle=\skip66
\c@book=\count192
\c@part=\count193
\c@chapter=\count194
\c@section=\count195
\c@subsection=\count196
\c@subsubsection=\count197
\c@paragraph=\count198
\c@subparagraph=\count199
\beforechapskip=\skip67
\midchapskip=\skip68
\afterchapskip=\skip69
\chapindent=\skip70
\bottomsectionskip=\skip71
\secindent=\skip72
\beforesecskip=\skip73
\aftersecskip=\skip74
\subsecindent=\skip75
\beforesubsecskip=\skip76
\aftersubsecskip=\skip77
\subsubsecindent=\skip78
\beforesubsubsecskip=\skip79
\aftersubsubsecskip=\skip80
\paraindent=\skip81
\beforeparaskip=\skip82
\afterparaskip=\skip83
\subparaindent=\skip84
\beforesubparaskip=\skip85
\aftersubparaskip=\skip86
\pfbreakskip=\skip87
\c@@ppsavesec=\count266
\c@@ppsaveapp=\count267
\ragrparindent=\dimen141
\everylistparindent=\dimen142
\parsepi=\skip88
\topsepi=\skip89
\itemsepi=\skip90
\parsepii=\skip91
\topsepii=\skip92
\topsepiii=\skip93
\itemsepii=\skip94
\itemsepiii=\skip95
\partopsepii=\skip96
\partopsepiii=\skip97
\m@msavetopsep=\skip98
\m@msavepartopsep=\skip99
\@enLab=\toks17
\abstitleskip=\skip100
\absleftindent=\skip101
\abs@leftindent=\dimen143
\absrightindent=\skip102
\absparindent=\skip103
\absparsep=\skip104
\c@vslineno=\count268
\c@poemline=\count269
\c@modulo@vs=\count270
\c@memfvsline=\count271
\vleftskip=\skip105
\vrightskip=\skip106
\stanzaskip=\skip107
\versewidth=\skip108
\vgap=\skip109
\vindent=\skip110
\vleftmargin=\dimen144
\c@verse=\count272
\c@chrsinstr=\count273
\beforepoemtitleskip=\skip111
\afterpoemtitleskip=\skip112
\c@poem=\count274
\beforePoemTitleskip=\skip113
\midPoemTitleskip=\skip114
\afterPoemTitleskip=\skip115

(/usr/share/texlive/texmf-dist/tex/latex/tools/array.sty
Package: array 2023/10/16 v2.5g Tabular extension package (FMi)
\col@sep=\dimen145
\ar@mcellbox=\box52
\extrarowheight=\dimen146
\NC@list=\toks18
\extratabsurround=\skip116
\backup@length=\skip117
\ar@cellbox=\box53
)
(/usr/share/texlive/texmf-dist/tex/latex/tools/dcolumn.sty
Package: dcolumn 2023/07/08 v1.06 decimal alignment package (DPC)
)
(/usr/share/texlive/texmf-dist/tex/latex/tools/delarray.sty
Package: delarray 2014/10/28 v1.01 array delimiter package (DPC)
)
(/usr/share/texlive/texmf-dist/tex/latex/tools/tabularx.sty
Package: tabularx 2023/07/08 v2.11c `tabularx' package (DPC)
\TX@col@width=\dimen147
\TX@old@table=\dimen148
\TX@old@col=\dimen149
\TX@target=\dimen150
\TX@delta=\dimen151
\TX@cols=\count275
\TX@ftn=\toks19
)
(/usr/share/texlive/texmf-dist/tex/latex/booktabs/booktabs.sty
Package: booktabs 2020/01/12 v1.61803398 Publication quality tables
\heavyrulewidth=\dimen152
\lightrulewidth=\dimen153
\cmidrulewidth=\dimen154
\belowrulesep=\dimen155
\belowbottomsep=\dimen156
\aboverulesep=\dimen157
\abovetopsep=\dimen158
\cmidrulesep=\dimen159
\cmidrulekern=\dimen160
\defaultaddspace=\dimen161
\@cmidla=\count276
\@cmidlb=\count277
\@aboverulesep=\dimen162
\@belowrulesep=\dimen163
\@thisruleclass=\count278
\@lastruleclass=\count279
\@thisrulewidth=\dimen164
)
\ctableftskip=\skip118
\ctabrightskip=\skip119
\abovecolumnspenalty=\count280
\@linestogo=\count281
\@cellstogo=\count282
\@cellsincolumn=\count283
\crtok=\toks20
\@mincolumnwidth=\dimen165
\c@newflo@tctr=\count284
\mem@margin@floatbox=\box54
\@contcwidth=\skip120
\@contindw=\skip121
\abovecaptionskip=\skip122
\belowcaptionskip=\skip123
\subfloattopskip=\skip124
\subfloatcapskip=\skip125
\subfloatcaptopadj=\skip126
\subfloatbottomskip=\skip127
\subfloatlabelskip=\skip128
\subfloatcapmargin=\dimen166
\c@@contsubnum=\count285
\m@mscap@capbox=\box55
\m@mscap@fbox=\box56
\sidecapsep=\dimen167
\sidecapwidth=\dimen168
\m@m@tempdima=\dimen169
\m@mscapraise=\dimen170
\sidecapraise=\dimen171
\m@mscapmainwidth=\dimen172
\m@mscaplkern=\dimen173
\beforeepigraphskip=\skip129
\afterepigraphskip=\skip130
\epigraphwidth=\skip131
\epigraphrule=\skip132
LaTeX Info: Redefining \em on input line 6932.
LaTeX Info: Redefining \emph on input line 6940.

(/usr/share/texlive/texmf-dist/tex/latex/hyperref/nameref.sty
Package: nameref 2023-11-26 v2.56 Cross-referencing by name of section

(/usr/share/texlive/texmf-dist/tex/latex/refcount/refcount.sty
Package: refcount 2019/12/15 v3.6 Data extraction from label references (HO)

(/usr/share/texlive/texmf-dist/tex/generic/ltxcmds/ltxcmds.sty
Package: ltxcmds 2023-12-04 v1.26 LaTeX kernel commands for general use (HO)
)
(/usr/share/texlive/texmf-dist/tex/generic/infwarerr/infwarerr.sty
Package: infwarerr 2019/12/03 v1.5 Providing info/warning/error messages (HO)
))
(/usr/share/texlive/texmf-dist/tex/generic/gettitlestring/gettitlestring.sty
Package: gettitlestring 2019/12/15 v1.6 Cleanup title references (HO)

(/usr/share/texlive/texmf-dist/tex/latex/kvoptions/kvoptions.sty
Package: kvoptions 2022-06-15 v3.15 Key value format for package options (HO)

(/usr/share/texlive/texmf-dist/tex/latex/graphics/keyval.sty
Package: keyval 2022/05/29 v1.15 key=value parser (DPC)
\KV@toks@=\toks21
)
(/usr/share/texlive/texmf-dist/tex/latex/kvsetkeys/kvsetkeys.sty
Package: kvsetkeys 2022-10-05 v1.19 Key value parser (HO)
)))
\c@section@level=\count286
)
\tocentryskip=\skip133
\tocbaseline=\skip134
\cftparskip=\skip135
\cftbeforebookskip=\skip136
\cftbookindent=\dimen174
\cftbooknumwidth=\dimen175
\cftbeforepartskip=\skip137
\cftpartindent=\skip138
\cftpartnumwidth=\skip139
\cftbeforechapterskip=\skip140
\cftchapterindent=\skip141
\cftchapternumwidth=\skip142
\cftbeforesectionskip=\skip143
\cftsectionindent=\skip144
\cftsectionnumwidth=\skip145
\cftbeforesubsectionskip=\skip146
\cftsubsectionindent=\skip147
\cftsubsectionnumwidth=\skip148
\cftbeforesubsubsectionskip=\skip149
\cftsubsubsectionindent=\skip150
\cftsubsubsectionnumwidth=\skip151
\cftbeforeparagraphskip=\skip152
\cftparagraphindent=\skip153
\cftparagraphnumwidth=\skip154
\cftbeforesubparagraphskip=\skip155
\cftsubparagraphindent=\skip156
\cftsubparagraphnumwidth=\skip157
\prechapterprecisshift=\dimen176
\c@maxsecnumdepth=\count287
\bibindent=\dimen177
\bibitemsep=\skip158
\indexcolsep=\skip159
\indexrule=\skip160
\indexmarkstyle=\toks22
\@indexbox=\insert252
LaTeX Info: Redefining \raggedbottom on input line 7935.
LaTeX Info: Redefining \flushbottom on input line 7939.
\glossarycolsep=\dimen178
\glossaryrule=\dimen179
\sideparvshift=\skip161
\sideins=\insert251
\sidebartopsep=\skip162
\sidebarhsep=\skip163
\sidebarvsep=\skip164
\sidebarwidth=\skip165
\footmarkwidth=\skip166
\footmarksep=\skip167
\footparindent=\skip168
\footinsdim=\skip169
\footinsv@r=\insert250
\@mpfootinsv@r=\insert249
\m@m@k=\count288
\m@m@h=\dimen180
\m@mipn@skip=\skip170
\sidefootins=\insert248
\sidefootadjust=\skip171
\sidefootheight=\skip172
\sidefoothsep=\skip173
\sidefootvsep=\skip174
\sidefootwidth=\skip175
\m@mdownsf=\skip176
\c@sidefootnote=\count289
\sidefootmarkwidth=\skip177
\sidefootmarksep=\skip178
\sidefootparindent=\skip179
\c@pagenote=\count290
\c@pagenoteshadow=\count291
\mem@pn@lastkern=\skip180

(/usr/share/texlive/texmf-dist/tex/latex/tools/verbatim.sty
Package: verbatim 2023-11-06 v1.5v LaTeX2e package for verbatim enhancements
\every@verbatim=\toks23
\verbatim@line=\toks24
\verbatim@in@stream=\read2
)
\verbatimindent=\skip181
\verbatim@out=\write3

(/usr/share/texlive/texmf-dist/tex/latex/base/shortvrb.sty
Package: shortvrb 2022/11/13 v3.0m Standard LaTeX documentation package V3 (FMi
)
)
\bvboxsep=\skip182
\c@memfbvline=\count292
\c@bvlinectr=\count293
\bvnumlength=\skip183
\fb@frw=\dimen181
\fb@frh=\dimen182
\FrameRule=\dimen183
\FrameSep=\dimen184
\c@cp@cntr=\count294
\c@ism@mctr=\count295
\c@xsm@mctr=\count296
\c@csm@mctr=\count297
\c@ksm@mctr=\count298
\c@xksm@mctr=\count299
\c@cksm@mctr=\count300
\c@msm@mctr=\count301
\c@xmsm@mctr=\count302
\c@cmsm@mctr=\count303
\c@bsm@mctr=\count304
\c@workm@mctr=\count305
\c@sheetsequence=\count306
\c@lastsheet=\count307
\c@lastpage=\count308

(/usr/share/texlive/texmf-dist/tex/latex/textcase/textcase.sty
Package: textcase 2023/07/27 v1.04 Text only upper/lower case changing (DPC)
Package textcase Info: Defining Legacy names on input line 20.
)
\c@figure=\count309
\c@lofdepth=\count310
\cftbeforefigureskip=\skip184
\cftfigureindent=\skip185
\cftfigurenumwidth=\skip186
\c@table=\count311
\c@lotdepth=\count312
\cftbeforetableskip=\skip187
\cfttableindent=\skip188
\cfttablenumwidth=\skip189
Package abstract [2008/07/23] emulated by memoir.
Package appendix [2008/07/23] emulated by memoir.
Package ccaption [2008/07/23] emulated by memoir.
Package changepage [2008/07/23] emulated by memoir.
Package chngcntr [2008/07/23] emulated by memoir.
Package chngpage [2008/07/23] emulated by memoir.
Package crop emulated by memoir.
Package enumerate [2008/07/23] emulated by memoir.
Package epigraph [2008/07/23] emulated by memoir.
Package ifmtarg [2008/07/23] emulated by memoir.
Package index [2008/07/23] emulated by memoir.
Package makeidx [2008/07/23] emulated by memoir.
Package moreverb [2008/07/23] emulated by memoir.
Package needspace [2008/07/23] emulated by memoir.
Package newfile [2008/07/23] emulated by memoir.
Package nextpage [2008/07/23] emulated by memoir.
Package pagenote [2008/07/23] emulated by memoir.
Package parskip [2008/07/23] emulated by memoir.
Package patchcmd [2008/07/23] emulated by memoir.
Package setspace [2008/07/23] emulated by memoir.
Package shortvrb [2008/07/23] emulated by memoir.
Package showidx [2008/07/23] emulated by memoir.
Package titleref [2008/07/23] emulated by memoir.
Package titling [2008/07/23] emulated by memoir.
Package tocbibind [2008/07/23] emulated by memoir.
Package tocloft [2008/07/23] emulated by memoir.
Package tocvsec2 [2008/07/23] emulated by memoir.
Package verbatim [2008/07/23] emulated by memoir.
Package verse [2008/07/23] emulated by memoir.
) (./aubecse.sty
Package: aubecse 2013/05/18 v0.1 AU BE CSE thesis
(/usr/share/texlive/texmf-dist/tex/latex/url/url.sty
\Urlmuskip=\muskip16
Package: url 2013/09/16  ver 3.4  Verb mode for urls, etc.
)
(/usr/share/texlive/texmf-dist/tex/latex/psnfss/mathptmx.sty
Package: mathptmx 2020/03/25 PSNFSS-v9.3 Times w/ Math, improved (SPQR, WaS) 
LaTeX Font Info:    Redeclaring symbol font `operators' on input line 28.
LaTeX Font Info:    Overwriting symbol font `operators' in version `normal'
(Font)                  OT1/cmr/m/n --> OT1/ztmcm/m/n on input line 28.
LaTeX Font Info:    Overwriting symbol font `operators' in version `bold'
(Font)                  OT1/cmr/bx/n --> OT1/ztmcm/m/n on input line 28.
LaTeX Font Info:    Redeclaring symbol font `letters' on input line 29.
LaTeX Font Info:    Overwriting symbol font `letters' in version `normal'
(Font)                  OML/cmm/m/it --> OML/ztmcm/m/it on input line 29.
LaTeX Font Info:    Overwriting symbol font `letters' in version `bold'
(Font)                  OML/cmm/b/it --> OML/ztmcm/m/it on input line 29.
LaTeX Font Info:    Redeclaring symbol font `symbols' on input line 30.
LaTeX Font Info:    Overwriting symbol font `symbols' in version `normal'
(Font)                  OMS/cmsy/m/n --> OMS/ztmcm/m/n on input line 30.
LaTeX Font Info:    Overwriting symbol font `symbols' in version `bold'
(Font)                  OMS/cmsy/b/n --> OMS/ztmcm/m/n on input line 30.
LaTeX Font Info:    Redeclaring symbol font `largesymbols' on input line 31.
LaTeX Font Info:    Overwriting symbol font `largesymbols' in version `normal'
(Font)                  OMX/cmex/m/n --> OMX/ztmcm/m/n on input line 31.
LaTeX Font Info:    Overwriting symbol font `largesymbols' in version `bold'
(Font)                  OMX/cmex/m/n --> OMX/ztmcm/m/n on input line 31.
\symbold=\mathgroup4
\symitalic=\mathgroup5
LaTeX Font Info:    Redeclaring math alphabet \mathbf on input line 34.
LaTeX Font Info:    Overwriting math alphabet `\mathbf' in version `normal'
(Font)                  OT1/cmr/bx/n --> OT1/ptm/bx/n on input line 34.
LaTeX Font Info:    Overwriting math alphabet `\mathbf' in version `bold'
(Font)                  OT1/cmr/bx/n --> OT1/ptm/bx/n on input line 34.
LaTeX Font Info:    Redeclaring math alphabet \mathit on input line 35.
LaTeX Font Info:    Overwriting math alphabet `\mathit' in version `normal'
(Font)                  OT1/cmr/m/it --> OT1/ptm/m/it on input line 35.
LaTeX Font Info:    Overwriting math alphabet `\mathit' in version `bold'
(Font)                  OT1/cmr/bx/it --> OT1/ptm/m/it on input line 35.
LaTeX Info: Redefining \hbar on input line 50.
)
(/usr/share/texlive/texmf-dist/tex/latex/graphics/graphicx.sty
Package: graphicx 2021/09/16 v1.2d Enhanced LaTeX Graphics (DPC,SPQR)

(/usr/share/texlive/texmf-dist/tex/latex/graphics/graphics.sty
Package: graphics 2022/03/10 v1.4e Standard LaTeX Graphics (DPC,SPQR)

(/usr/share/texlive/texmf-dist/tex/latex/graphics/trig.sty
Package: trig 2021/08/11 v1.11 sin cos tan (DPC)
)
(/usr/share/texlive/texmf-dist/tex/latex/graphics-cfg/graphics.cfg
File: graphics.cfg 2016/06/04 v1.11 sample graphics configuration
)
Package graphics Info: Driver file: pdftex.def on input line 107.

(/usr/share/texlive/texmf-dist/tex/latex/graphics-def/pdftex.def
File: pdftex.def 2022/09/22 v1.2b Graphics/color driver for pdftex
))
\Gin@req@height=\dimen185
\Gin@req@width=\dimen186
)
(/usr/share/texlive/texmf-dist/tex/latex/lipsum/lipsum.sty
(/usr/share/texlive/texmf-dist/tex/latex/l3packages/l3keys2e/l3keys2e.sty
Package: l3keys2e 2023-10-10 LaTeX2e option processing using LaTeX3 keys
)
Package: lipsum 2021-09-20 v2.7 150 paragraphs of Lorem Ipsum dummy text
\g__lipsum_par_int=\count313
\l__lipsum_a_int=\count314
\l__lipsum_b_int=\count315

(/usr/share/texlive/texmf-dist/tex/latex/lipsum/lipsum.ltd.tex))
(/usr/share/texlive/texmf-dist/tex/latex/acronym/acronym.sty
Package: acronym 2020/04/17 v1.47 Support for acronyms (Tobias Oetiker)

(/usr/share/texlive/texmf-dist/tex/latex/bigfoot/suffix.sty
Package: suffix 2006/07/15 1.5a Variant command support
)
(/usr/share/texlive/texmf-dist/tex/generic/xstring/xstring.sty
(/usr/share/texlive/texmf-dist/tex/generic/xstring/xstring.tex
\xs_counta=\count316
\xs_countb=\count317
)
Package: xstring 2023/08/22 v1.86 String manipulations (CT)
)
\AC@clearlist=\toks25
)
(/usr/share/texlive/texmf-dist/tex/latex/enumitem/enumitem.sty
Package: enumitem 2019/06/20 v3.9 Customized lists
\labelindent=\skip190
\enit@outerparindent=\dimen187
\enit@toks=\toks26
\enit@inbox=\box57
\enit@count@id=\count318
\enitdp@description=\count319
)
\linespace=\skip191
\toptafiddle=\skip192
\bottafiddle=\skip193
\topfiddle=\skip194
\botfiddle=\skip195


******************************************************
Stock height and width: 845.04684pt by 597.50787pt
Top and edge trims: 0pt and 0pt
Page height and width: 845.04684pt by 597.50787pt
Text height and width: 688.15373pt by 412pt
Spine and edge margins: 113.81102pt and 71.13188pt
Upper and lower margins: 93.482pt and 63.41112pt
Headheight and headsep: 17.5pt and 4.85011pt
Footskip: 17.5pt
Columnsep and columnseprule: 10pt and 0pt
Marginparsep and marginparwidth: 7pt and 57.13188pt
Sidecapsep and sidecapwidth: 7pt and 7pt
Sidebarhsep and sidebarwidth: 7pt and 7pt
Sidebarvsep and sidebartopsep: 17.5pt and 0pt
Sidebarheight: 589.74994pt
Sidefoothsep and sidefootwidth: 7pt and 7pt
Sidefootvsep and sidefootheight: 17.5pt and 589.74994pt
******************************************************

\c@nauthors=\count320
) (/usr/share/texlive/texmf-dist/tex/latex/tools/longtable.sty
Package: longtable 2023-11-01 v4.19 Multi-page Table package (DPC)
\LTleft=\skip196
\LTright=\skip197
\LTpre=\skip198
\LTpost=\skip199
\LTchunksize=\count321
\LTcapwidth=\dimen188
\LT@head=\box58
\LT@firsthead=\box59
\LT@foot=\box60
\LT@lastfoot=\box61
\LT@gbox=\box62
\LT@cols=\count322
\LT@rows=\count323
\c@LT@tables=\count324
\c@LT@chunks=\count325
\LT@p@ftn=\toks27
)
LaTeX Font Info:    Trying to load font information for OT1+ptm on input line 1
8.

(/usr/share/texlive/texmf-dist/tex/latex/psnfss/ot1ptm.fd
File: ot1ptm.fd 2001/06/04 font definitions for OT1/ptm.
) (./bethesis.aux)
\openout1 = `bethesis.aux'.

LaTeX Font Info:    Checking defaults for OML/cmm/m/it on input line 18.
LaTeX Font Info:    ... okay on input line 18.
LaTeX Font Info:    Checking defaults for OMS/cmsy/m/n on input line 18.
LaTeX Font Info:    ... okay on input line 18.
LaTeX Font Info:    Checking defaults for OT1/cmr/m/n on input line 18.
LaTeX Font Info:    ... okay on input line 18.
LaTeX Font Info:    Checking defaults for T1/cmr/m/n on input line 18.
LaTeX Font Info:    ... okay on input line 18.
LaTeX Font Info:    Checking defaults for TS1/cmr/m/n on input line 18.
LaTeX Font Info:    ... okay on input line 18.
LaTeX Font Info:    Checking defaults for OMX/cmex/m/n on input line 18.
LaTeX Font Info:    ... okay on input line 18.
LaTeX Font Info:    Checking defaults for U/cmr/m/n on input line 18.
LaTeX Font Info:    ... okay on input line 18.
\big@size=\dimen189

(/usr/share/texlive/texmf-dist/tex/context/base/mkii/supp-pdf.mkii
[Loading MPS to PDF converter (version 2006.09.02).]
\scratchcounter=\count326
\scratchdimen=\dimen190
\scratchbox=\box63
\nofMPsegments=\count327
\nofMParguments=\count328
\everyMPshowfont=\toks28
\MPscratchCnt=\count329
\MPscratchDim=\dimen191
\MPnumerator=\count330
\makeMPintoPDFobject=\count331
\everyMPtoPDFconversion=\toks29
) (/usr/share/texlive/texmf-dist/tex/latex/epstopdf-pkg/epstopdf-base.sty
Package: epstopdf-base 2020-01-24 v2.11 Base part for package epstopdf
Package epstopdf-base Info: Redefining graphics rule for `.eps' on input line 4
85.

(/usr/share/texlive/texmf-dist/tex/latex/latexconfig/epstopdf-sys.cfg
File: epstopdf-sys.cfg 2010/07/13 v1.3 Configuration of (r)epstopdf for TeX Liv
e
))
LaTeX Font Info:    Trying to load font information for OT1+ztmcm on input line
 20.

(/usr/share/texlive/texmf-dist/tex/latex/psnfss/ot1ztmcm.fd
File: ot1ztmcm.fd 2000/01/03 Fontinst v1.801 font definitions for OT1/ztmcm.
)
LaTeX Font Info:    Trying to load font information for OML+ztmcm on input line
 20.

(/usr/share/texlive/texmf-dist/tex/latex/psnfss/omlztmcm.fd
File: omlztmcm.fd 2000/01/03 Fontinst v1.801 font definitions for OML/ztmcm.
)
LaTeX Font Info:    Trying to load font information for OMS+ztmcm on input line
 20.

(/usr/share/texlive/texmf-dist/tex/latex/psnfss/omsztmcm.fd
File: omsztmcm.fd 2000/01/03 Fontinst v1.801 font definitions for OMS/ztmcm.
)
LaTeX Font Info:    Trying to load font information for OMX+ztmcm on input line
 20.

(/usr/share/texlive/texmf-dist/tex/latex/psnfss/omxztmcm.fd
File: omxztmcm.fd 2000/01/03 Fontinst v1.801 font definitions for OMX/ztmcm.
)
LaTeX Font Info:    Font shape `OT1/ptm/bx/n' in size <17.28> not available
(Font)              Font shape `OT1/ptm/b/n' tried instead on input line 20.
LaTeX Font Info:    Font shape `OT1/ptm/bx/n' in size <12> not available
(Font)              Font shape `OT1/ptm/b/n' tried instead on input line 20.
LaTeX Font Info:    Font shape `OT1/ptm/bx/n' in size <10> not available
(Font)              Font shape `OT1/ptm/b/n' tried instead on input line 20.
<Figures/annauniv.png, id=1, 144.54pt x 134.5025pt>
File: Figures/annauniv.png Graphic file (type png)
<use Figures/annauniv.png>
Package pdftex.def Info: Figures/annauniv.png  used on input line 20.
(pdftex.def)             Requested size: 86.72466pt x 80.7021pt.
 [1



{/var/lib/texmf/fonts/map/pdftex/updmap/pdftex.map}{/usr/share/texlive/texmf-di
st/fonts/enc/dvips/base/8r.enc} <./Figures/annauniv.png>]
Underfull \hbox (badness 1931) in paragraph at lines 21--21
\OT1/ptm/b/n/14.4 TUM SUP-PORT VEC-TOR MA-CHINES \OT1/ptm/m/n/14.4 is the \OT1/
ptm/m/it/14.4 bonafide \OT1/ptm/m/n/14.4 work
 []

[1



] (./FrontMatter/ack.tex) [2


] (./FrontMatter/abstract.tex) [3


]
(./bethesis.toc
LaTeX Font Info:    Font shape `OT1/ptm/bx/n' in size <14.4> not available
(Font)              Font shape `OT1/ptm/b/n' tried instead on input line 1.
LaTeX Font Info:    Font shape `OT1/ptm/bx/n' in size <10.95> not available
(Font)              Font shape `OT1/ptm/b/n' tried instead on input line 1.
LaTeX Font Info:    Font shape `OT1/ptm/bx/n' in size <8> not available
(Font)              Font shape `OT1/ptm/b/n' tried instead on input line 1.

Underfull \hbox (badness 1122) in paragraph at lines 13--13
 [][] []\OT1/ptm/m/n/14.4 Design: Quantum-Inspired Fea-ture Map-ping 
 []

[4

]) [5] (./bethesis.lof) [6

] (./bethesis.lot) [7

] (./FrontMatter/acronyms.tex) [8


] (./Chapters/Chapter1.tex [1


]) (./Chapters/Chapter2.tex [2]
Overfull \hbox (58.64226pt too wide) in alignment at lines 9--17
 [] [] [] [] [] 
 []


Overfull \hbox (58.64226pt too wide) in alignment at lines 17--22
 [] [] [] [] [] 
 []


Overfull \hbox (58.64226pt too wide) in alignment at lines 22--25
 [] [] [] [] [] 
 []


Overfull \hbox (58.64226pt too wide) in alignment at lines 25--28
 [] [] [] [] [] 
 []


Underfull \hbox (badness 10000) in paragraph at lines 31--31
[]|\OT1/ptm/m/n/14.4 Comparative
 []


Underfull \hbox (badness 10000) in paragraph at lines 31--31
\OT1/ptm/m/n/14.4 In-ves-ti-ga-tion
 []


Underfull \hbox (badness 10000) in paragraph at lines 31--31
\OT1/ptm/m/n/14.4 of Quan-tum
 []


Underfull \hbox (badness 10000) in paragraph at lines 31--31
\OT1/ptm/m/n/14.4 and Clas-si-cal
 []


Underfull \hbox (badness 10000) in paragraph at lines 31--31
\OT1/ptm/m/n/14.4 Ker-nel Func-
 []


Underfull \hbox (badness 10000) in paragraph at lines 31--31
\OT1/ptm/m/n/14.4 tions Ap-plied
 []


Underfull \hbox (badness 10000) in paragraph at lines 31--31
\OT1/ptm/m/n/14.4 tor Ma-chine
 []


Underfull \hbox (badness 1715) in paragraph at lines 32--32
[]|\OT1/ptm/m/n/14.4 Performs a com-
 []


Underfull \hbox (badness 10000) in paragraph at lines 32--32
\OT1/ptm/m/n/14.4 par-a-tive study
 []


Underfull \hbox (badness 10000) in paragraph at lines 32--32
\OT1/ptm/m/n/14.4 of clas-si-cal
 []


Underfull \hbox (badness 10000) in paragraph at lines 32--32
\OT1/ptm/m/n/14.4 ker-nels (RBF,
 []


Underfull \hbox (badness 10000) in paragraph at lines 32--32
\OT1/ptm/m/n/14.4 poly-no-mial) and
 []


Underfull \hbox (badness 10000) in paragraph at lines 32--32
\OT1/ptm/m/n/14.4 quan-tum ker-nels
 []


Underfull \hbox (badness 3623) in paragraph at lines 32--32
\OT1/ptm/m/n/14.4 within the SVM
 []


Underfull \hbox (badness 10000) in paragraph at lines 32--32
\OT1/ptm/m/n/14.4 fer-ent quan-tum
 []


Underfull \hbox (badness 10000) in paragraph at lines 32--32
\OT1/ptm/m/n/14.4 fea-ture maps
 []


Underfull \hbox (badness 10000) in paragraph at lines 32--32
\OT1/ptm/m/n/14.4 are eval-u-ated
 []


Underfull \hbox (badness 10000) in paragraph at lines 32--32
\OT1/ptm/m/n/14.4 us-ing QSVM
 []


Underfull \hbox (badness 10000) in paragraph at lines 32--32
\OT1/ptm/m/n/14.4 on bench-mark
 []


Underfull \hbox (badness 10000) in paragraph at lines 33--33
\OT1/ptm/m/n/14.4 sim-u-la-tors;
 []


Underfull \hbox (badness 10000) in paragraph at lines 33--33
\OT1/ptm/m/n/14.4 high ker-nel
 []


Underfull \hbox (badness 10000) in paragraph at lines 33--33
\OT1/ptm/m/n/14.4 com-pu-ta-tion
 []


Underfull \hbox (badness 3679) in paragraph at lines 33--33
\OT1/ptm/m/n/14.4 cost; lim-ited
 []


Underfull \hbox (badness 10000) in paragraph at lines 33--33
\OT1/ptm/m/n/14.4 scal-a-bil-
 []


Underfull \hbox (badness 10000) in paragraph at lines 33--33
\OT1/ptm/m/n/14.4 ity; lacks
 []


Underfull \hbox (badness 10000) in paragraph at lines 33--33
\OT1/ptm/m/n/14.4 real-world
 []


Underfull \hbox (badness 10000) in paragraph at lines 33--33
\OT1/ptm/m/n/14.4 ap-pli-ca-tion
 []


Underfull \hbox (badness 10000) in paragraph at lines 34--35
\OT1/ptm/m/n/14.4 tum ker-nel
 []


Underfull \hbox (badness 10000) in paragraph at lines 34--35
\OT1/ptm/m/n/14.4 com-par-i-son
 []


Underfull \hbox (badness 10000) in paragraph at lines 34--35
\OT1/ptm/m/n/14.4 frame-work to
 []


Underfull \hbox (badness 10000) in paragraph at lines 34--35
\OT1/ptm/m/n/14.4 eval-u-ate clas-si-
 []


Underfull \hbox (badness 1603) in paragraph at lines 34--35
\OT1/ptm/m/n/14.4 QSVM for bat-
 []


Underfull \hbox (badness 10000) in paragraph at lines 34--35
\OT1/ptm/m/n/14.4 tery time-series
 []


Underfull \hbox (badness 10000) in paragraph at lines 34--35
\OT1/ptm/m/n/14.4 fea-tures, jus-ti-
 []


Underfull \hbox (badness 10000) in paragraph at lines 34--35
\OT1/ptm/m/n/14.4 fy-ing im-proved
 []


Underfull \hbox (badness 10000) in paragraph at lines 34--35
\OT1/ptm/m/n/14.4 sep-a-ra-bil-ity for
 []


Underfull \hbox (badness 10000) in paragraph at lines 34--35
\OT1/ptm/m/n/14.4 early dendrite-
 []


Underfull \hbox (badness 3471) in paragraph at lines 39--39
[]|\OT1/ptm/m/n/14.4 Assessment of
 []


Underfull \hbox (badness 4805) in paragraph at lines 39--39
\OT1/ptm/m/n/14.4 Quan-tum Fea-
 []


Underfull \hbox (badness 7064) in paragraph at lines 39--39
\OT1/ptm/m/n/14.4 ture Map for
 []


Underfull \hbox (badness 10000) in paragraph at lines 39--39
\OT1/ptm/m/n/14.4 Bi-nary For-est
 []


Underfull \hbox (badness 10000) in paragraph at lines 39--39
\OT1/ptm/m/n/14.4 Clas-si-fi-ca-tion
 []


Underfull \hbox (badness 1077) in paragraph at lines 40--40
\OT1/ptm/m/n/14.4 for bi-nary clas-si-
 []


Underfull \hbox (badness 10000) in paragraph at lines 40--40
\OT1/ptm/m/n/14.4 are nor-mal-ized,
 []


Underfull \hbox (badness 10000) in paragraph at lines 40--40
\OT1/ptm/m/n/14.4 and clas-si-fied
 []


Underfull \hbox (badness 10000) in paragraph at lines 40--40
\OT1/ptm/m/n/14.4 us-ing QSVM
 []


Underfull \hbox (badness 6188) in paragraph at lines 40--40
\OT1/ptm/m/n/14.4 with Pareto-front
 []


Underfull \hbox (badness 10000) in paragraph at lines 41--41
[]|\OT1/ptm/m/n/14.4 Relies on
 []


Underfull \hbox (badness 10000) in paragraph at lines 41--41
\OT1/ptm/m/n/14.4 sim-u-la-tors;
 []


Underfull \hbox (badness 10000) in paragraph at lines 41--41
\OT1/ptm/m/n/14.4 in-con-sis-tent
 []


Underfull \hbox (badness 10000) in paragraph at lines 41--41
\OT1/ptm/m/n/14.4 QSVM su-
 []


Underfull \hbox (badness 10000) in paragraph at lines 41--41
\OT1/ptm/m/n/14.4 pe-ri-or-ity;
 []


Underfull \hbox (badness 10000) in paragraph at lines 41--41
\OT1/ptm/m/n/14.4 scal-a-bil-ity
 []


Underfull \hbox (badness 10000) in paragraph at lines 41--41
\OT1/ptm/m/n/14.4 lim-i-ta-tions
 []


Underfull \hbox (badness 10000) in paragraph at lines 41--41
\OT1/ptm/m/n/14.4 in NISQ-era
 []


Underfull \hbox (badness 6944) in paragraph at lines 42--43
[]|\OT1/ptm/m/n/14.4 Apply quan-tum
 []


Underfull \hbox (badness 1281) in paragraph at lines 42--43
\OT1/ptm/m/n/14.4 fea-ture map se-
 []


Underfull \hbox (badness 10000) in paragraph at lines 42--43
\OT1/ptm/m/n/14.4 data and use
 []


Underfull \hbox (badness 10000) in paragraph at lines 42--43
\OT1/ptm/m/n/14.4 Pareto anal-y-
 []


Underfull \hbox (badness 10000) in paragraph at lines 42--43
\OT1/ptm/m/n/14.4 sis to bal-ance
 []


Underfull \hbox (badness 10000) in paragraph at lines 42--43
\OT1/ptm/m/n/14.4 ac-cu-racy and
 []


Underfull \hbox (badness 10000) in paragraph at lines 42--43
\OT1/ptm/m/n/14.4 com-pu-ta-tional
 []


Underfull \hbox (badness 10000) in paragraph at lines 47--47
[]|\OT1/ptm/m/n/14.4 Hybrid Quan-
 []


Underfull \hbox (badness 10000) in paragraph at lines 47--47
\OT1/ptm/m/n/14.4 tum{Classical
 []


Underfull \hbox (badness 10000) in paragraph at lines 47--47
\OT1/ptm/m/n/14.4 Frame-work
 []


Underfull \hbox (badness 10000) in paragraph at lines 47--47
\OT1/ptm/m/n/14.4 for Ur-ban
 []


Underfull \hbox (badness 10000) in paragraph at lines 47--47
\OT1/ptm/m/n/14.4 Traf-fic State
 []


Underfull \hbox (badness 10000) in paragraph at lines 48--48
[]|\OT1/ptm/m/n/14.4 Implements a
 []


Underfull \hbox (badness 10000) in paragraph at lines 48--48
\OT1/ptm/m/n/14.4 hy-brid pipeline
 []


Underfull \hbox (badness 10000) in paragraph at lines 48--48
\OT1/ptm/m/n/14.4 com-bin-ing clas-
 []


Underfull \hbox (badness 10000) in paragraph at lines 48--48
\OT1/ptm/m/n/14.4 si-cal fea-ture
 []


Underfull \hbox (badness 10000) in paragraph at lines 48--48
\OT1/ptm/m/n/14.4 ex-trac-tion with
 []


Underfull \hbox (badness 10000) in paragraph at lines 49--49
[]|\OT1/ptm/m/n/14.4 Limited
 []


Underfull \hbox (badness 10000) in paragraph at lines 49--49
\OT1/ptm/m/n/14.4 dataset;
 []


Underfull \hbox (badness 10000) in paragraph at lines 49--49
\OT1/ptm/m/n/14.4 simulator-
 []


Underfull \hbox (badness 5203) in paragraph at lines 49--49
\OT1/ptm/m/n/14.4 based ex-e-cu-
 []


Underfull \hbox (badness 10000) in paragraph at lines 50--51
[]|\OT1/ptm/m/n/14.4 Use the hy-
 []


Underfull \hbox (badness 10000) in paragraph at lines 50--51
\OT1/ptm/m/n/14.4 brid clas-si-
 []


Underfull \hbox (badness 10000) in paragraph at lines 50--51
\OT1/ptm/m/n/14.4 cal{quantum
 []


Underfull \hbox (badness 10000) in paragraph at lines 50--51
\OT1/ptm/m/n/14.4 ar-chi-tec-ture
 []


Underfull \hbox (badness 10000) in paragraph at lines 50--51
\OT1/ptm/m/n/14.4 for bat-tery
 []


Underfull \hbox (badness 10000) in paragraph at lines 50--51
\OT1/ptm/m/n/14.4 mon-i-tor-ing by
 []


Underfull \hbox (badness 10000) in paragraph at lines 50--51
\OT1/ptm/m/n/14.4 af-ter clas-si-cal
 []


Underfull \hbox (badness 10000) in paragraph at lines 50--51
\OT1/ptm/m/n/14.4 pre-pro-cess-ing
 []


Underfull \hbox (badness 5862) in paragraph at lines 50--51
\OT1/ptm/m/n/14.4 of volt-age and
 []


Underfull \hbox (badness 10000) in paragraph at lines 50--51
\OT1/ptm/m/n/14.4 tem-per-a-ture
 []


Underfull \hbox (badness 10000) in paragraph at lines 55--55
[]|\OT1/ptm/m/n/14.4 AutoQML: A
 []


Underfull \hbox (badness 10000) in paragraph at lines 55--55
\OT1/ptm/m/n/14.4 Frame-work
 []


Underfull \hbox (badness 2426) in paragraph at lines 55--55
\OT1/ptm/m/n/14.4 for Au-to-mated
 []


Underfull \hbox (badness 10000) in paragraph at lines 55--55
\OT1/ptm/m/n/14.4 Quan-tum Ma-
 []


Underfull \hbox (badness 10000) in paragraph at lines 56--56
[]|\OT1/ptm/m/n/14.4 Introduces au-to-
 []


Underfull \hbox (badness 10000) in paragraph at lines 56--56
\OT1/ptm/m/n/14.4 mated quan-tum
 []


Underfull \hbox (badness 10000) in paragraph at lines 56--56
\OT1/ptm/m/n/14.4 model se-lec-tion,
 []


Underfull \hbox (badness 3623) in paragraph at lines 56--56
\OT1/ptm/m/n/14.4 fea-ture en-cod-ing,
 []


Underfull \hbox (badness 7777) in paragraph at lines 56--56
\OT1/ptm/m/n/14.4 and hy-per-pa-ram-
 []


Underfull \hbox (badness 10000) in paragraph at lines 56--56
\OT1/ptm/m/n/14.4 e-ter tun-ing in
 []


Underfull \hbox (badness 10000) in paragraph at lines 57--57
[]|\OT1/ptm/m/n/14.4 High com-
 []


Underfull \hbox (badness 10000) in paragraph at lines 57--57
\OT1/ptm/m/n/14.4 pu-ta-tional
 []


Underfull \hbox (badness 10000) in paragraph at lines 57--57
\OT1/ptm/m/n/14.4 over-head;
 []


Underfull \hbox (badness 2150) in paragraph at lines 57--57
\OT1/ptm/m/n/14.4 sim-u-la-tor de-
 []


Underfull \hbox (badness 10000) in paragraph at lines 57--57
\OT1/ptm/m/n/14.4 tai-lored for
 []


Underfull \hbox (badness 10000) in paragraph at lines 57--57
\OT1/ptm/m/n/14.4 time-series
 []


Underfull \hbox (badness 10000) in paragraph at lines 58--59
[]|\OT1/ptm/m/n/14.4 Adopt au-to-
 []


Underfull \hbox (badness 10000) in paragraph at lines 58--59
\OT1/ptm/m/n/14.4 mated quan-tum
 []


Underfull \hbox (badness 4995) in paragraph at lines 58--59
\OT1/ptm/m/n/14.4 ker-nel and hy-
 []


Underfull \hbox (badness 10000) in paragraph at lines 58--59
\OT1/ptm/m/n/14.4 per-pa-ram-e-ter
 []


Underfull \hbox (badness 10000) in paragraph at lines 58--59
\OT1/ptm/m/n/14.4 man-ual QSVM
 []


Underfull \hbox (badness 1817) in paragraph at lines 58--59
\OT1/ptm/m/n/14.4 op-ti-miza-tion for
 []


Underfull \hbox (badness 10000) in paragraph at lines 63--63
[]|\OT1/ptm/m/n/14.4 Real-Time
 []


Underfull \hbox (badness 10000) in paragraph at lines 63--63
\OT1/ptm/m/n/14.4 Quan-tum
 []


Underfull \hbox (badness 10000) in paragraph at lines 63--63
\OT1/ptm/m/n/14.4 Ma-chine
 []


Underfull \hbox (badness 10000) in paragraph at lines 63--63
\OT1/ptm/m/n/14.4 Learning-
 []


Underfull \hbox (badness 10000) in paragraph at lines 63--63
\OT1/ptm/m/n/14.4 Based
 []


Underfull \hbox (badness 10000) in paragraph at lines 63--63
\OT1/ptm/m/n/14.4 Anomaly
 []


Underfull \hbox (badness 10000) in paragraph at lines 63--63
\OT1/ptm/m/n/14.4 De-tec-tion for
 []


Underfull \hbox (badness 10000) in paragraph at lines 63--63
\OT1/ptm/m/n/14.4 Lithium-Ion
 []


Underfull \hbox (badness 10000) in paragraph at lines 64--64
[]|\OT1/ptm/m/n/14.4 Proposes
 []


Underfull \hbox (badness 10000) in paragraph at lines 64--64
\OT1/ptm/m/n/14.4 quantum-
 []


Underfull \hbox (badness 10000) in paragraph at lines 64--64
\OT1/ptm/m/n/14.4 enhanced K-
 []


Underfull \hbox (badness 5741) in paragraph at lines 64--64
\OT1/ptm/m/n/14.4 Means clus-ter-ing
 []


Underfull \hbox (badness 10000) in paragraph at lines 64--64
\OT1/ptm/m/n/14.4 for real-time
 []


Underfull \hbox (badness 10000) in paragraph at lines 64--64
\OT1/ptm/m/n/14.4 us-ing bat-tery
 []


Underfull \hbox (badness 10000) in paragraph at lines 65--65
[]|\OT1/ptm/m/n/14.4 Focuses on
 []


Underfull \hbox (badness 10000) in paragraph at lines 65--65
\OT1/ptm/m/n/14.4 clus-ter-ing;
 []


Underfull \hbox (badness 1406) in paragraph at lines 65--65
\OT1/ptm/m/n/14.4 re-quires mul-
 []


Underfull \hbox (badness 10000) in paragraph at lines 65--65
\OT1/ptm/m/n/14.4 ti-ple qubits;
 []


Underfull \hbox (badness 10000) in paragraph at lines 65--65
\OT1/ptm/m/n/14.4 real-time
 []


Underfull \hbox (badness 10000) in paragraph at lines 65--65
\OT1/ptm/m/n/14.4 hard-ware
 []


Underfull \hbox (badness 10000) in paragraph at lines 65--65
\OT1/ptm/m/n/14.4 fea-si-bil-ity
 []


Underfull \hbox (badness 10000) in paragraph at lines 66--67
[]|\OT1/ptm/m/n/14.4 Extend the
 []


Underfull \hbox (badness 10000) in paragraph at lines 66--67
\OT1/ptm/m/n/14.4 anomaly de-tec-
 []


Underfull \hbox (badness 10000) in paragraph at lines 66--67
\OT1/ptm/m/n/14.4 tion frame-work
 []


Underfull \hbox (badness 10000) in paragraph at lines 66--67
\OT1/ptm/m/n/14.4 by re-plac-ing
 []


Underfull \hbox (badness 10000) in paragraph at lines 66--67
\OT1/ptm/m/n/14.4 clus-ter-ing with
 []


Underfull \hbox (badness 10000) in paragraph at lines 66--67
\OT1/ptm/m/n/14.4 QSVM-based
 []


Underfull \hbox (badness 10000) in paragraph at lines 66--67
\OT1/ptm/m/n/14.4 su-per-vised
 []


Underfull \hbox (badness 10000) in paragraph at lines 66--67
\OT1/ptm/m/n/14.4 dendrite-risk
 []


Underfull \hbox (badness 10000) in paragraph at lines 71--71
[]|\OT1/ptm/m/n/14.4 Quantum
 []


Underfull \hbox (badness 10000) in paragraph at lines 71--71
\OT1/ptm/m/n/14.4 Kernel-Based
 []


Underfull \hbox (badness 10000) in paragraph at lines 71--71
\OT1/ptm/m/n/14.4 Sup-port Vec-
 []


Underfull \hbox (badness 10000) in paragraph at lines 71--71
\OT1/ptm/m/n/14.4 tor Ma-chine
 []


Underfull \hbox (badness 10000) in paragraph at lines 71--71
\OT1/ptm/m/n/14.4 with QAOA
 []


Underfull \hbox (badness 10000) in paragraph at lines 71--71
\OT1/ptm/m/n/14.4 Lung Can-cer
 []


Underfull \hbox (badness 10000) in paragraph at lines 72--72
[]|\OT1/ptm/m/n/14.4 Uses QAOA-
 []


Underfull \hbox (badness 10000) in paragraph at lines 72--72
\OT1/ptm/m/n/14.4 based quan-tum
 []


Underfull \hbox (badness 10000) in paragraph at lines 72--72
\OT1/ptm/m/n/14.4 fea-ture em-bed-
 []


Underfull \hbox (badness 10000) in paragraph at lines 72--72
\OT1/ptm/m/n/14.4 achiev-ing bet-ter
 []


Underfull \hbox (badness 3635) in paragraph at lines 72--72
\OT1/ptm/m/n/14.4 re-sults for small
 []


Underfull \hbox (badness 10000) in paragraph at lines 73--73
[]|\OT1/ptm/m/n/14.4 Simulator
 []


Underfull \hbox (badness 10000) in paragraph at lines 73--73
\OT1/ptm/m/n/14.4 ex-e-cu-tion;
 []


Underfull \hbox (badness 10000) in paragraph at lines 73--73
\OT1/ptm/m/n/14.4 high cost;
 []


Underfull \hbox (badness 10000) in paragraph at lines 73--73
\OT1/ptm/m/n/14.4 eval-u-ated
 []


Underfull \hbox (badness 10000) in paragraph at lines 74--75
[]|\OT1/ptm/m/n/14.4 Adopt QAOA-
 []


Underfull \hbox (badness 10000) in paragraph at lines 74--75
\OT1/ptm/m/n/14.4 based quan-tum
 []


Underfull \hbox (badness 10000) in paragraph at lines 74--75
\OT1/ptm/m/n/14.4 em-bed-ding for
 []


Underfull \hbox (badness 10000) in paragraph at lines 74--75
\OT1/ptm/m/n/14.4 cap-tur-ing non-
 []


Underfull \hbox (badness 10000) in paragraph at lines 74--75
\OT1/ptm/m/n/14.4 re-duced bat-tery
 []


Overfull \hbox (58.64226pt too wide) in alignment at lines 28--78
 [] [] [] [] [] 
 []

[3

] [4]) (./Chapters/Chapter3.tex [5]
<Figures/diagram1.png, id=53, 2090.81125pt x 924.45375pt>
File: Figures/diagram1.png Graphic file (type png)
<use Figures/diagram1.png>
Package pdftex.def Info: Figures/diagram1.png  used on input line 11.
(pdftex.def)             Requested size: 391.39874pt x 173.05252pt.
 [6

] [7] [8] [9]) (./Chapters/Chapter4.tex [10] [11 <./Figures/diagram1.png>] [12

]) (./Chapters/Chapter5.tex [13]
<Figures/download.png, id=83, 714.7503pt x 1434.5595pt>
File: Figures/download.png Graphic file (type png)
<use Figures/download.png>
Package pdftex.def Info: Figures/download.png  used on input line 9.
(pdftex.def)             Requested size: 329.60126pt x 661.5471pt.


LaTeX Warning: Float too large for page by 13.26096pt on input line 12.


LaTeX Warning: `!h' float specifier changed to `!ht'.

) (./Chapters/Chapter7.tex [14

] [15 <./Figures/download.png>]) [16

]
No file bethesis.bbl.
\tf@toc=\write4
\openout4 = `bethesis.toc'.

\tf@lof=\write5
\openout5 = `bethesis.lof'.

\tf@lot=\write6
\openout6 = `bethesis.lot'.

(./bethesis.aux)
 ***********
LaTeX2e <2023-11-01> patch level 1
L3 programming layer <2020/03/25>
 ***********
 ) 
Here is how much of TeX's memory you used:
 8003 strings out of 476182
 127050 string characters out of 5795595
 1945975 words of memory out of 5000000
 29862 multiletter control sequences out of 15000+600000
 585988 words of font info for 92 fonts, out of 8000000 for 9000
 14 hyphenation exceptions out of 8191
 85i,12n,93p,1611b,310s stack positions out of 10000i,1000n,20000p,200000b,200000s
</usr/share/texlive/texmf-dist/fonts/type1/public/amsfonts/cm/cmr10.pfb></usr
/share/texlive/texmf-dist/fonts/type1/public/amsfonts/cm/cmsy10.pfb></usr/share
/texlive/texmf-dist/fonts/type1/urw/symbol/usyr.pfb></usr/share/texlive/texmf-d
ist/fonts/type1/urw/times/utmb8a.pfb></usr/share/texlive/texmf-dist/fonts/type1
/urw/times/utmr8a.pfb></usr/share/texlive/texmf-dist/fonts/type1/urw/times/utmr
i8a.pfb>
Output written on bethesis.pdf (25 pages, 368416 bytes).
PDF statistics:
 123 PDF objects out of 1000 (max. 8388607)
 77 compressed objects within 1 object stream
 0 named destinations out of 1000 (max. 500000)
 16 words of extra memory for PDF output out of 10000 (max. 10000000)

